[  147155ms] [ERROR] Base UI: A component is changing the uncontrolled value state of RadioGroup to be controlled.
Elements should not switch from uncontrolled to controlled (or vice versa).
Decide between using a controlled or uncontrolled RadioGroup element for the lifetime of the component.
The nature of the state is determined during the first render. It's considered controlled if the value is not `undefined`.
More info: https://fb.me/react-controlled-components @ http://localhost:8060/_next/static/chunks/node_modules_next_dist_115brz8._.js:3272
[  147158ms] [ERROR] Base UI: A component is changing the uncontrolled value state of RadioGroup to be controlled.
Elements should not switch from uncontrolled to controlled (or vice versa).
Decide between using a controlled or uncontrolled RadioGroup element for the lifetime of the component.
The nature of the state is determined during the first render. It's considered controlled if the value is not `undefined`.
More info: https://fb.me/react-controlled-components @ http://localhost:8060/_next/static/chunks/node_modules_next_dist_115brz8._.js:3272
[  147165ms] [ERROR] Base UI: A component is changing the uncontrolled value state of RadioGroup to be controlled.
Elements should not switch from uncontrolled to controlled (or vice versa).
Decide between using a controlled or uncontrolled RadioGroup element for the lifetime of the component.
The nature of the state is determined during the first render. It's considered controlled if the value is not `undefined`.
More info: https://fb.me/react-controlled-components @ http://localhost:8060/_next/static/chunks/node_modules_next_dist_115brz8._.js:3272
[  147173ms] [ERROR] Base UI: A component is changing the uncontrolled value state of RadioGroup to be controlled.
Elements should not switch from uncontrolled to controlled (or vice versa).
Decide between using a controlled or uncontrolled RadioGroup element for the lifetime of the component.
The nature of the state is determined during the first render. It's considered controlled if the value is not `undefined`.
More info: https://fb.me/react-controlled-components @ http://localhost:8060/_next/static/chunks/node_modules_next_dist_115brz8._.js:3272
[  353439ms] [ERROR] Base UI: A component is changing the uncontrolled value state of RadioGroup to be controlled.
Elements should not switch from uncontrolled to controlled (or vice versa).
Decide between using a controlled or uncontrolled RadioGroup element for the lifetime of the component.
The nature of the state is determined during the first render. It's considered controlled if the value is not `undefined`.
More info: https://fb.me/react-controlled-components @ http://localhost:8060/_next/static/chunks/node_modules_next_dist_115brz8._.js:3272
[  353442ms] [ERROR] Base UI: A component is changing the uncontrolled value state of RadioGroup to be controlled.
Elements should not switch from uncontrolled to controlled (or vice versa).
Decide between using a controlled or uncontrolled RadioGroup element for the lifetime of the component.
The nature of the state is determined during the first render. It's considered controlled if the value is not `undefined`.
More info: https://fb.me/react-controlled-components @ http://localhost:8060/_next/static/chunks/node_modules_next_dist_115brz8._.js:3272
[  353446ms] [ERROR] Base UI: A component is changing the uncontrolled value state of RadioGroup to be controlled.
Elements should not switch from uncontrolled to controlled (or vice versa).
Decide between using a controlled or uncontrolled RadioGroup element for the lifetime of the component.
The nature of the state is determined during the first render. It's considered controlled if the value is not `undefined`.
More info: https://fb.me/react-controlled-components @ http://localhost:8060/_next/static/chunks/node_modules_next_dist_115brz8._.js:3272
[  353449ms] [ERROR] Base UI: A component is changing the uncontrolled value state of RadioGroup to be controlled.
Elements should not switch from uncontrolled to controlled (or vice versa).
Decide between using a controlled or uncontrolled RadioGroup element for the lifetime of the component.
The nature of the state is determined during the first render. It's considered controlled if the value is not `undefined`.
More info: https://fb.me/react-controlled-components @ http://localhost:8060/_next/static/chunks/node_modules_next_dist_115brz8._.js:3272
[  473206ms] [ERROR] Failed to load resource: net::ERR_CONNECTION_REFUSED @ http://localhost:8060/api/placeholders/cmn6psxlb00031hbm4gw8zor4/picker-data?page=1&pageSize=10:0
[  473207ms] [ERROR] 获取数据失败: TypeError: Failed to fetch
    at DataPickerDialog.useEffect.fetchData (http://localhost:8060/_next/static/chunks/src_components_0i3d_76._.js:802:43)
    at DataPickerDialog.useEffect (http://localhost:8060/_next/static/chunks/src_components_0i3d_76._.js:815:13)
    at Object.react_stack_bottom_frame (http://localhost:8060/_next/static/chunks/node_modules_next_dist_compiled_react-dom_058-ah~._.js:15087:22)
    at runWithFiberInDEV (http://localhost:8060/_next/static/chunks/node_modules_next_dist_compiled_react-dom_058-ah~._.js:965:74)
    at commitHookEffectListMount (http://localhost:8060/_next/static/chunks/node_modules_next_dist_compiled_react-dom_058-ah~._.js:7255:167)
    at commitHookPassiveMountEffects (http://localhost:8060/_next/static/chunks/node_modules_next_dist_compiled_react-dom_058-ah~._.js:7290:60)
    at commitPassiveMountOnFiber (http://localhost:8060/_next/static/chunks/node_modules_next_dist_compiled_react-dom_058-ah~._.js:8689:33)
    at recursivelyTraversePassiveMountEffects (http://localhost:8060/_next/static/chunks/node_modules_next_dist_compiled_react-dom_058-ah~._.js:8676:316)
    at commitPassiveMountOnFiber (http://localhost:8060/_next/static/chunks/node_modules_next_dist_compiled_react-dom_058-ah~._.js:8750:17)
    at recursivelyTraversePassiveMountEffects (http://localhost:8060/_next/static/chunks/node_modules_next_dist_compiled_react-dom_058-ah~._.js:8676:316)
    at commitPassiveMountOnFiber (http://localhost:8060/_next/static/chunks/node_modules_next_dist_compiled_react-dom_058-ah~._.js:8688:17)
    at recursivelyTraversePassiveMountEffects (http://localhost:8060/_next/static/chunks/node_modules_next_dist_compiled_react-dom_058-ah~._.js:8676:316)
    at commitPassiveMountOnFiber (http://localhost:8060/_next/static/chunks/node_modules_next_dist_compiled_react-dom_058-ah~._.js:8750:17)
    at recursivelyTraversePassiveMountEffects (http://localhost:8060/_next/static/chunks/node_modules_next_dist_compiled_react-dom_058-ah~._.js:8676:316)
    at commitPassiveMountOnFiber (http://localhost:8060/_next/static/chunks/node_modules_next_dist_compiled_react-dom_058-ah~._.js:8688:17)
    at recursivelyTraversePassiveMountEffects (http://localhost:8060/_next/static/chunks/node_modules_next_dist_compiled_react-dom_058-ah~._.js:8676:316)
    at commitPassiveMountOnFiber (http://localhost:8060/_next/static/chunks/node_modules_next_dist_compiled_react-dom_058-ah~._.js:8750:17)
    at recursivelyTraversePassiveMountEffects (http://localhost:8060/_next/static/chunks/node_modules_next_dist_compiled_react-dom_058-ah~._.js:8676:316)
    at commitPassiveMountOnFiber (http://localhost:8060/_next/static/chunks/node_modules_next_dist_compiled_react-dom_058-ah~._.js:8750:17)
    at recursivelyTraversePassiveMountEffects (http://localhost:8060/_next/static/chunks/node_modules_next_dist_compiled_react-dom_058-ah~._.js:8676:316)
    at commitPassiveMountOnFiber (http://localhost:8060/_next/static/chunks/node_modules_next_dist_compiled_react-dom_058-ah~._.js:8688:17)
    at recursivelyTraversePassiveMountEffects (http://localhost:8060/_next/static/chunks/node_modules_next_dist_compiled_react-dom_058-ah~._.js:8676:316)
    at commitPassiveMountOnFiber (http://localhost:8060/_next/static/chunks/node_modules_next_dist_compiled_react-dom_058-ah~._.js:8693:17)
    at recursivelyTraversePassiveMountEffects (http://localhost:8060/_next/static/chunks/node_modules_next_dist_compiled_react-dom_058-ah~._.js:8676:316)
    at commitPassiveMountOnFiber (http://localhost:8060/_next/static/chunks/node_modules_next_dist_compiled_react-dom_058-ah~._.js:8688:17)
    at recursivelyTraversePassiveMountEffects (http://localhost:8060/_next/static/chunks/node_modules_next_dist_compiled_react-dom_058-ah~._.js:8676:316)
    at commitPassiveMountOnFiber (http://localhost:8060/_next/static/chunks/node_modules_next_dist_compiled_react-dom_058-ah~._.js:8688:17)
    at recursivelyTraversePassiveMountEffects (http://localhost:8060/_next/static/chunks/node_modules_next_dist_compiled_react-dom_058-ah~._.js:8676:316)
    at commitPassiveMountOnFiber (http://localhost:8060/_next/static/chunks/node_modules_next_dist_compiled_react-dom_058-ah~._.js:8688:17)
    at recursivelyTraversePassiveMountEffects (http://localhost:8060/_next/static/chunks/node_modules_next_dist_compiled_react-dom_058-ah~._.js:8676:316)
    at commitPassiveMountOnFiber (http://localhost:8060/_next/static/chunks/node_modules_next_dist_compiled_react-dom_058-ah~._.js:8688:17)
    at recursivelyTraversePassiveMountEffects (http://localhost:8060/_next/static/chunks/node_modules_next_dist_compiled_react-dom_058-ah~._.js:8676:316)
    at commitPassiveMountOnFiber (http://localhost:8060/_next/static/chunks/node_modules_next_dist_compiled_react-dom_058-ah~._.js:8693:17)
    at recursivelyTraversePassiveMountEffects (http://localhost:8060/_next/static/chunks/node_modules_next_dist_compiled_react-dom_058-ah~._.js:8676:316)
    at commitPassiveMountOnFiber (http://localhost:8060/_next/static/chunks/node_modules_next_dist_compiled_react-dom_058-ah~._.js:8688:17)
    at recursivelyTraversePassiveMountEffects (http://localhost:8060/_next/static/chunks/node_modules_next_dist_compiled_react-dom_058-ah~._.js:8676:316)
    at commitPassiveMountOnFiber (http://localhost:8060/_next/static/chunks/node_modules_next_dist_compiled_react-dom_058-ah~._.js:8688:17)
    at recursivelyTraversePassiveMountEffects (http://localhost:8060/_next/static/chunks/node_modules_next_dist_compiled_react-dom_058-ah~._.js:8676:316)
    at commitPassiveMountOnFiber (http://localhost:8060/_next/static/chunks/node_modules_next_dist_compiled_react-dom_058-ah~._.js:8750:17)
    at recursivelyTraversePassiveMountEffects (http://localhost:8060/_next/static/chunks/node_modules_next_dist_compiled_react-dom_058-ah~._.js:8676:316)
    at commitPassiveMountOnFiber (http://localhost:8060/_next/static/chunks/node_modules_next_dist_compiled_react-dom_058-ah~._.js:8750:17)
    at recursivelyTraversePassiveMountEffects (http://localhost:8060/_next/static/chunks/node_modules_next_dist_compiled_react-dom_058-ah~._.js:8676:316)
    at commitPassiveMountOnFiber (http://localhost:8060/_next/static/chunks/node_modules_next_dist_compiled_react-dom_058-ah~._.js:8688:17)
    at recursivelyTraversePassiveMountEffects (http://localhost:8060/_next/static/chunks/node_modules_next_dist_compiled_react-dom_058-ah~._.js:8676:316)
    at commitPassiveMountOnFiber (http://localhost:8060/_next/static/chunks/node_modules_next_dist_compiled_react-dom_058-ah~._.js:8688:17)
    at recursivelyTraversePassiveMountEffects (http://localhost:8060/_next/static/chunks/node_modules_next_dist_compiled_react-dom_058-ah~._.js:8676:316)
    at commitPassiveMountOnFiber (http://localhost:8060/_next/static/chunks/node_modules_next_dist_compiled_react-dom_058-ah~._.js:8750:17)
    at recursivelyTraversePassiveMountEffects (http://localhost:8060/_next/static/chunks/node_modules_next_dist_compiled_react-dom_058-ah~._.js:8676:316)
    at commitPassiveMountOnFiber (http://localhost:8060/_next/static/chunks/node_modules_next_dist_compiled_react-dom_058-ah~._.js:8750:17)
    at recursivelyTraversePassiveMountEffects (http://localhost:8060/_next/static/chunks/node_modules_next_dist_compiled_react-dom_058-ah~._.js:8676:316) @ http://localhost:8060/_next/static/chunks/node_modules_next_dist_115brz8._.js:3272
[  473251ms] [ERROR] WebSocket is already in CLOSING or CLOSED state. @ http://localhost:8060/_next/static/chunks/node_modules_next_dist_115brz8._.js:2790
[  473255ms] [ERROR] Failed to load resource: net::ERR_CONNECTION_REFUSED @ http://localhost:8060/__nextjs_original-stack-frames:0
[  476414ms] [ERROR] Failed to load resource: the server responded with a status of 404 (Not Found) @ http://localhost:8060/templates/3ed77148-120a-4ac0-8d9a-ed75b3bf12ac/fill:0
[  476860ms] [ERROR] Failed to load resource: the server responded with a status of 404 (Not Found) @ http://localhost:8060/api/auth/session:0
[  476908ms] [ERROR] [next-auth][error][CLIENT_FETCH_ERROR] 
https://next-auth.js.org/errors#client_fetch_error Unexpected token '<', "<!DOCTYPE "... is not valid JSON {error: Object, url: /api/auth/session, message: Unexpected token '<', "<!DOCTYPE "... is not valid JSON} @ http://localhost:8060/_next/static/chunks/node_modules_next_dist_115brz8._.js:3272
[  477121ms] [ERROR] Failed to load resource: the server responded with a status of 404 (Not Found) @ http://localhost:8060/api/auth/_log:0
